<?xml version="1.0" encoding="UTF-8"?>
<!-- Generated by org.testng.reporters.JUnitXMLReporter -->
<testsuite ignored="3" hostname="HQ-11393H840G5" failures="0" tests="1" name="Default test" time="57.182" errors="0" timestamp="2023-02-14T21:56:47 PST">
  <testcase classname="com.jan23.commontests.Randomscenarios" name="blockingCalEventWeekly" time="47.786"/>
  <testcase classname="com.jan23.commontests.Randomscenarios" name="verifyFAndLName" time="0.0">
    <ignored/>
  </testcase> <!-- verifyFAndLName -->
  <testcase classname="com.jan23.commontests.Randomscenarios" name="blockingCalEvent" time="0.0">
    <ignored/>
  </testcase> <!-- blockingCalEvent -->
  <testcase classname="com.jan23.commontests.Randomscenarios" name="tabCustomization" time="0.0">
    <ignored/>
  </testcase> <!-- tabCustomization -->
</testsuite> <!-- Default test -->
