<?xml version="1.0" encoding="UTF-8"?>
<testng-results ignored="3" total="4" passed="1" failed="0" skipped="0">
  <reporter-output>
  </reporter-output>
  <suite started-at="2023-02-14T21:55:50 PST" name="Default suite" finished-at="2023-02-14T21:56:47 PST" duration-ms="57182">
    <groups>
    </groups>
    <test started-at="2023-02-14T21:55:50 PST" name="Default test" finished-at="2023-02-14T21:56:47 PST" duration-ms="57182">
      <class name="com.jan23.commontests.Randomscenarios">
        <test-method is-config="true" signature="lunch()[pri:0, instance:com.jan23.commontests.Randomscenarios@3ce1e309]" started-at="2023-02-14T21:55:50 PST" name="lunch" finished-at="2023-02-14T21:56:00 PST" duration-ms="9335" status="PASS">
          <reporter-output>
          </reporter-output>
        </test-method> <!-- lunch -->
        <test-method signature="blockingCalEventWeekly()[pri:0, instance:com.jan23.commontests.Randomscenarios@3ce1e309]" started-at="2023-02-14T21:56:00 PST" name="blockingCalEventWeekly" finished-at="2023-02-14T21:56:47 PST" duration-ms="47786" status="PASS">
          <reporter-output>
          </reporter-output>
        </test-method> <!-- blockingCalEventWeekly -->
      </class> <!-- com.jan23.commontests.Randomscenarios -->
    </test> <!-- Default test -->
  </suite> <!-- Default suite -->
</testng-results>
